[vaa3d]
[-x]
[preprocess]
[-f]
[preprocess]
[-p]
[#i /home/penglab/Documents/Morph_analysis/data/temp_dir/LGN_039.dendrite.swc #o /home/penglab/Documents/Morph_analysis/data/processed_swc/LGN_039.dendrite.sorted.swc #l 2 #s 0 #m 2000 #t 0.25 #r 0 #d 0 #f 1]
Current canonical path = [preprocess]
plugins
welcome to pre_processing
Input file name:	/home/penglab/Documents/Morph_analysis/data/temp_dir/LGN_039.dendrite.swc
Compartments will not be labeled
Only return main tree
Pruning short branches
Skip Resampling
Total components:	32

Component	0
# Nodes:	52
Operation: Deleted!	Distance:	16972.3

Component	1
# Nodes:	569
Operation: Deleted!	Distance:	2605.96

Component	2
# Nodes:	176
Operation: Connected to soma.	Distance:	557.035

Component	3
# Nodes:	81
Operation: Deleted!	Distance:	3949

Component	4
# Nodes:	96
Operation: Deleted!	Distance:	22879.9

Component	5
# Nodes:	194
Operation: Connected to soma.	Distance:	402.537

Component	6
# Nodes:	34
Operation: Connected to soma.	Distance:	1829.28

Component	7
# Nodes:	6
Operation: Deleted!	Distance:	9677.05

Component	8
# Nodes:	25
Operation: Deleted!	Distance:	2463.54

Component	9
# Nodes:	37
Operation: Deleted!	Distance:	7724

Component	10
# Nodes:	5
Operation: Deleted!	Distance:	25214.6

Component	11
# Nodes:	17
Operation: Deleted!	Distance:	9444

Component	12
# Nodes:	32
Operation: Deleted!	Distance:	4170.79

Component	13
# Nodes:	275
Operation: Connected to soma.	Distance:	540.239

Component	14
# Nodes:	97
Operation: Deleted!	Distance:	2214.72

Component	15
# Nodes:	12
Operation: Deleted!	Distance:	10881.3

Component	16
# Nodes:	11
Operation: Connected to soma.	Distance:	1432.94

Component	17
# Nodes:	22
Operation: Connected to soma.	Distance:	706.858

Component	18
# Nodes:	20
Operation: Deleted!	Distance:	3835.7

Component	19
# Nodes:	18
Operation: Deleted!	Distance:	13261.4

Component	20
# Nodes:	107
Operation: Connected to soma.	Distance:	1015.7

Component	21
# Nodes:	38
Operation: Deleted!	Distance:	12341

Component	22
# Nodes:	58
Operation: Connected to soma.	Distance:	808.871

Component	23
# Nodes:	22
Operation: Deleted!	Distance:	2004.32

Component	24
# Nodes:	75
Operation: Connected to soma.	Distance:	517.714

Component	25
# Nodes:	29
Operation: Connected to soma.	Distance:	1779.26

Component	26
# Nodes:	7
Operation: Connected to soma.	Distance:	737.395

Component	27
# Nodes:	89
Operation: Deleted!	Distance:	7017

Component	28
# Nodes:	8
Operation: Deleted!	Distance:	8138.03

Component	29
# Nodes:	39
Operation: Connected to soma.	Distance:	905.008

Component	30
# Nodes:	79
Operation: Deleted!	Distance:	3320

Component	31
# Nodes:	70
Operation: Connected to soma.	Distance:	1129.97
Nodes droped:	1303
done with saving file: /home/penglab/Documents/Morph_analysis/data/processed_swc/LGN_039.dendrite.sorted.apo
1303
Skip PCA alignment
	 /home/penglab/Documents/Morph_analysis/data/processed_swc/LGN_039.dendrite.sorted.swc has been generated successfully.
Starting Vaa3D version checker...
[vaa3d]
[-x]
[preprocess]
[-f]
[preprocess]
[-p]
[#i /home/penglab/Documents/Morph_analysis/data/temp_dir/LGN_040.dendrite.swc #o /home/penglab/Documents/Morph_analysis/data/processed_swc/LGN_040.dendrite.sorted.swc #l 2 #s 0 #m 2000 #t 0.25 #r 0 #d 0 #f 1]
Current canonical path = [preprocess]
plugins
welcome to pre_processing
Input file name:	/home/penglab/Documents/Morph_analysis/data/temp_dir/LGN_040.dendrite.swc
Compartments will not be labeled
Only return main tree
Pruning short branches
Skip Resampling
Total components:	39

Component	0
# Nodes:	17
Operation: Deleted!	Distance:	28005.1

Component	1
# Nodes:	170
Operation: Connected to soma.	Distance:	433.884

Component	2
# Nodes:	74
Operation: Connected to soma.	Distance:	898.727

Component	3
# Nodes:	360
Operation: Connected to soma.	Distance:	926.087

Component	4
# Nodes:	40
Operation: Deleted!	Distance:	7102.6

Component	5
# Nodes:	85
Operation: Connected to soma.	Distance:	1413.61

Component	6
# Nodes:	266
Operation: Connected to soma.	Distance:	424.3

Component	7
# Nodes:	17
Operation: Deleted!	Distance:	10548

Component	8
# Nodes:	49
Operation: Deleted!	Distance:	2081.33

Component	9
# Nodes:	34
Operation: Deleted!	Distance:	3056.95

Component	10
# Nodes:	22
Operation: Connected to soma.	Distance:	1289

Component	11
# Nodes:	299
Operation: Connected to soma.	Distance:	287.22

Component	12
# Nodes:	4
Operation: Connected to soma.	Distance:	1252.96

Component	13
# Nodes:	3
Operation: Connected to soma.	Distance:	1154.78

Component	14
# Nodes:	6
Operation: Deleted!	Distance:	3734.09

Component	15
# Nodes:	28
Operation: Deleted!	Distance:	9005.44

Component	16
# Nodes:	298
Operation: Deleted!	Distance:	5156.3

Component	17
# Nodes:	57
Operation: Deleted!	Distance:	15702.1

Component	18
# Nodes:	507
Operation: Connected to soma.	Distance:	1294

Component	19
# Nodes:	36
Operation: Deleted!	Distance:	4608.99

Component	20
# Nodes:	333
Operation: Connected to soma.	Distance:	751.154

Component	21
# Nodes:	60
Operation: Connected to soma.	Distance:	1010.93

Component	22
# Nodes:	36
Operation: Connected to soma.	Distance:	1526.89

Component	23
# Nodes:	96
Operation: Deleted!	Distance:	6481.9

Component	24
# Nodes:	171
Operation: Connected to soma.	Distance:	522.353

Component	25
# Nodes:	6
Operation: Connected to soma.	Distance:	212

Component	26
# Nodes:	2
Operation: Connected to soma.	Distance:	41

Component	27
# Nodes:	77
Operation: Deleted!	Distance:	8870.97

Component	28
# Nodes:	41
Operation: Deleted!	Distance:	8826.12

Component	29
# Nodes:	29
Operation: Deleted!	Distance:	10009.7

Component	30
# Nodes:	60
Operation: Deleted!	Distance:	6515.28

Component	31
# Nodes:	58
Operation: Deleted!	Distance:	11368.9

Component	32
# Nodes:	20
Operation: Deleted!	Distance:	35814

Component	33
# Nodes:	27
Operation: Deleted!	Distance:	116924

Component	34
# Nodes:	16
Operation: Deleted!	Distance:	29980.3

Component	35
# Nodes:	78
Operation: Deleted!	Distance:	19406.6

Component	36
# Nodes:	34
Operation: Deleted!	Distance:	22222.3

Component	37
# Nodes:	31
Operation: Deleted!	Distance:	19656.8

Component	38
# Nodes:	60
Operation: Deleted!	Distance:	27522.7
Nodes droped:	1209
done with saving file: /home/penglab/Documents/Morph_analysis/data/processed_swc/LGN_040.dendrite.sorted.apo
1209
Skip PCA alignment
	 /home/penglab/Documents/Morph_analysis/data/processed_swc/LGN_040.dendrite.sorted.swc has been generated successfully.
Starting Vaa3D version checker...
[vaa3d]
[-x]
[preprocess]
[-f]
[preprocess]
[-p]
[#i /home/penglab/Documents/Morph_analysis/data/temp_dir/LGN_048.dendrite.swc #o /home/penglab/Documents/Morph_analysis/data/processed_swc/LGN_048.dendrite.sorted.swc #l 2 #s 0 #m 2000 #t 0.25 #r 0 #d 0 #f 1]
Current canonical path = [preprocess]
plugins
welcome to pre_processing
Input file name:	/home/penglab/Documents/Morph_analysis/data/temp_dir/LGN_048.dendrite.swc
Compartments will not be labeled
Only return main tree
Pruning short branches
Skip Resampling
Total components:	134

Component	0
# Nodes:	9
Operation: Deleted!	Distance:	4641.13

Component	1
# Nodes:	4
Operation: Deleted!	Distance:	123702

Component	2
# Nodes:	14
Operation: Deleted!	Distance:	7117.82

Component	3
# Nodes:	22
Operation: Deleted!	Distance:	4449.24

Component	4
# Nodes:	23
Operation: Connected to soma.	Distance:	470.885

Component	5
# Nodes:	7
Operation: Deleted!	Distance:	19765.2

Component	6
# Nodes:	6
Operation: Deleted!	Distance:	18656.2

Component	7
# Nodes:	3
Operation: Deleted!	Distance:	63852.2

Component	8
# Nodes:	31
Operation: Deleted!	Distance:	7855.7

Component	9
# Nodes:	4
Operation: Deleted!	Distance:	42273.9

Component	10
# Nodes:	12
Operation: Deleted!	Distance:	42163.6

Component	11
# Nodes:	10
Operation: Deleted!	Distance:	149932

Component	12
# Nodes:	8
Operation: Deleted!	Distance:	38428.8

Component	13
# Nodes:	30
Operation: Deleted!	Distance:	103434

Component	14
# Nodes:	11
Operation: Deleted!	Distance:	4672.83

Component	15
# Nodes:	8
Operation: Deleted!	Distance:	23225.6

Component	16
# Nodes:	4
Operation: Deleted!	Distance:	37197.4

Component	17
# Nodes:	5
Operation: Deleted!	Distance:	14993

Component	18
# Nodes:	3
Operation: Deleted!	Distance:	48138.6

Component	19
# Nodes:	5
Operation: Deleted!	Distance:	38233.4

Component	20
# Nodes:	8
Operation: Deleted!	Distance:	15249

Component	21
# Nodes:	9
Operation: Deleted!	Distance:	14655.8

Component	22
# Nodes:	54
Operation: Deleted!	Distance:	2955.63

Component	23
# Nodes:	3
Operation: Deleted!	Distance:	20019.5

Component	24
# Nodes:	4
Operation: Deleted!	Distance:	44712.3

Component	25
# Nodes:	4
Operation: Deleted!	Distance:	25565.4

Component	26
# Nodes:	9
Operation: Deleted!	Distance:	58695.7

Component	27
# Nodes:	26
Operation: Deleted!	Distance:	109110

Component	28
# Nodes:	111
Operation: Deleted!	Distance:	54107

Component	29
# Nodes:	8
Operation: Deleted!	Distance:	56263.5

Component	30
# Nodes:	3
Operation: Deleted!	Distance:	56350.2

Component	31
# Nodes:	3
Operation: Deleted!	Distance:	57264.9

Component	32
# Nodes:	2
Operation: Deleted!	Distance:	71208.3

Component	33
# Nodes:	8
Operation: Deleted!	Distance:	29697.5

Component	34
# Nodes:	74
Operation: Deleted!	Distance:	19315

Component	35
# Nodes:	6
Operation: Deleted!	Distance:	58640.7

Component	36
# Nodes:	7
Operation: Deleted!	Distance:	66694.2

Component	37
# Nodes:	40
Operation: Deleted!	Distance:	84323

Component	38
# Nodes:	11
Operation: Deleted!	Distance:	133901

Component	39
# Nodes:	10
Operation: Deleted!	Distance:	191392

Component	40
# Nodes:	13
Operation: Deleted!	Distance:	220206

Component	41
# Nodes:	15
Operation: Deleted!	Distance:	165402

Component	42
# Nodes:	6
Operation: Deleted!	Distance:	71247.1

Component	43
# Nodes:	11
Operation: Deleted!	Distance:	69179.5

Component	44
# Nodes:	10
Operation: Deleted!	Distance:	151961

Component	45
# Nodes:	6
Operation: Deleted!	Distance:	145914

Component	46
# Nodes:	14
Operation: Deleted!	Distance:	98756.4

Component	47
# Nodes:	5
Operation: Deleted!	Distance:	71561.3

Component	48
# Nodes:	7
Operation: Deleted!	Distance:	48818.5

Component	49
# Nodes:	10
Operation: Deleted!	Distance:	67732.8

Component	50
# Nodes:	14
Operation: Deleted!	Distance:	22308

Component	51
# Nodes:	15
Operation: Deleted!	Distance:	31234.2

Component	52
# Nodes:	4
Operation: Deleted!	Distance:	31221.3

Component	53
# Nodes:	30
Operation: Deleted!	Distance:	21798.2

Component	54
# Nodes:	13
Operation: Deleted!	Distance:	35841.2

Component	55
# Nodes:	8
Operation: Deleted!	Distance:	63308.1

Component	56
# Nodes:	17
Operation: Deleted!	Distance:	47709.1

Component	57
# Nodes:	5
Operation: Deleted!	Distance:	31879.6

Component	58
# Nodes:	18
Operation: Deleted!	Distance:	23199.2

Component	59
# Nodes:	9
Operation: Deleted!	Distance:	17649

Component	60
# Nodes:	10
Operation: Deleted!	Distance:	7164.24

Component	61
# Nodes:	4
Operation: Deleted!	Distance:	104236

Component	62
# Nodes:	3
Operation: Deleted!	Distance:	112678

Component	63
# Nodes:	14
Operation: Deleted!	Distance:	17293

Component	64
# Nodes:	11
Operation: Deleted!	Distance:	82255

Component	65
# Nodes:	11
Operation: Deleted!	Distance:	36330.6

Component	66
# Nodes:	4
Operation: Deleted!	Distance:	57920.7

Component	67
# Nodes:	15
Operation: Deleted!	Distance:	20747

Component	68
# Nodes:	8
Operation: Deleted!	Distance:	63692

Component	69
# Nodes:	20
Operation: Deleted!	Distance:	32864.5

Component	70
# Nodes:	11
Operation: Deleted!	Distance:	107367

Component	71
# Nodes:	10
Operation: Deleted!	Distance:	67576.4

Component	72
# Nodes:	4
Operation: Deleted!	Distance:	154645

Component	73
# Nodes:	9
Operation: Deleted!	Distance:	79885

Component	74
# Nodes:	3
Operation: Deleted!	Distance:	114360

Component	75
# Nodes:	4
Operation: Deleted!	Distance:	158367

Component	76
# Nodes:	10
Operation: Deleted!	Distance:	125758

Component	77
# Nodes:	10
Operation: Deleted!	Distance:	74154.4

Component	78
# Nodes:	9
Operation: Deleted!	Distance:	35497.3

Component	79
# Nodes:	17
Operation: Deleted!	Distance:	26731.4

Component	80
# Nodes:	18
Operation: Deleted!	Distance:	21629.9

Component	81
# Nodes:	6
Operation: Deleted!	Distance:	49240.6

Component	82
# Nodes:	4
Operation: Deleted!	Distance:	53931

Component	83
# Nodes:	8
Operation: Deleted!	Distance:	29174.5

Component	84
# Nodes:	35
Operation: Deleted!	Distance:	5004.18

Component	85
# Nodes:	5
Operation: Deleted!	Distance:	32197.4

Component	86
# Nodes:	10
Operation: Deleted!	Distance:	19310.6

Component	87
# Nodes:	5
Operation: Deleted!	Distance:	27497.7

Component	88
# Nodes:	12
Operation: Deleted!	Distance:	18881.5

Component	89
# Nodes:	9
Operation: Deleted!	Distance:	11222.7

Component	90
# Nodes:	4
Operation: Deleted!	Distance:	18486.1

Component	91
# Nodes:	5
Operation: Deleted!	Distance:	17817.8

Component	92
# Nodes:	36
Operation: Deleted!	Distance:	17366.2

Component	93
# Nodes:	16
Operation: Connected to soma.	Distance:	286.829

Component	94
# Nodes:	6
Operation: Connected to soma.	Distance:	19.6424

Component	95
# Nodes:	6
Operation: Deleted!	Distance:	31699.9

Component	96
# Nodes:	6
Operation: Deleted!	Distance:	30460.6

Component	97
# Nodes:	4
Operation: Deleted!	Distance:	37104.6

Component	98
# Nodes:	6
Operation: Deleted!	Distance:	10981.3

Component	99
# Nodes:	6
Operation: Deleted!	Distance:	9223.64

Component	100
# Nodes:	5
Operation: Deleted!	Distance:	10257.3

Component	101
# Nodes:	5
Operation: Deleted!	Distance:	11382.5

Component	102
# Nodes:	9
Operation: Deleted!	Distance:	2716.93

Component	103
# Nodes:	23
Operation: Connected to soma.	Distance:	166

Component	104
# Nodes:	9
Operation: Connected to soma.	Distance:	503.655

Component	105
# Nodes:	61
Operation: Connected to soma.	Distance:	25

Component	106
# Nodes:	118
Operation: Deleted!	Distance:	3634.67

Component	107
# Nodes:	17
Operation: Deleted!	Distance:	92225.3

Component	108
# Nodes:	8
Operation: Deleted!	Distance:	73764

Component	109
# Nodes:	7
Operation: Deleted!	Distance:	38480.4

Component	110
# Nodes:	8
Operation: Deleted!	Distance:	73665.4

Component	111
# Nodes:	10
Operation: Deleted!	Distance:	14929.9

Component	112
# Nodes:	5
Operation: Deleted!	Distance:	48893.1

Component	113
# Nodes:	6
Operation: Deleted!	Distance:	15607.3

Component	114
# Nodes:	4
Operation: Deleted!	Distance:	23439.2

Component	115
# Nodes:	4
Operation: Deleted!	Distance:	98787.1

Component	116
# Nodes:	3
Operation: Deleted!	Distance:	10576.9

Component	117
# Nodes:	8
Operation: Deleted!	Distance:	3158.88

Component	118
# Nodes:	8
Operation: Deleted!	Distance:	5022.88

Component	119
# Nodes:	3
Operation: Deleted!	Distance:	10134.8

Component	120
# Nodes:	4
Operation: Deleted!	Distance:	9680.95

Component	121
# Nodes:	3
Operation: Deleted!	Distance:	16645.3

Component	122
# Nodes:	2
Operation: Deleted!	Distance:	20816.1

Component	123
# Nodes:	6
Operation: Deleted!	Distance:	15310.9

Component	124
# Nodes:	5
Operation: Deleted!	Distance:	15861.8

Component	125
# Nodes:	9
Operation: Deleted!	Distance:	18596.6

Component	126
# Nodes:	6
Operation: Deleted!	Distance:	36704.9

Component	127
# Nodes:	21
Operation: Deleted!	Distance:	2862.87

Component	128
# Nodes:	9
Operation: Deleted!	Distance:	2286.71

Component	129
# Nodes:	28
Operation: Deleted!	Distance:	3642.06

Component	130
# Nodes:	26
Operation: Deleted!	Distance:	3785.59

Component	131
# Nodes:	23
Operation: Deleted!	Distance:	79191.6

Component	132
# Nodes:	8
Operation: Deleted!	Distance:	55426.9

Component	133
# Nodes:	12
Operation: Deleted!	Distance:	2449.3
Nodes droped:	1588
done with saving file: /home/penglab/Documents/Morph_analysis/data/processed_swc/LGN_048.dendrite.sorted.apo
1588
Skip PCA alignment
	 /home/penglab/Documents/Morph_analysis/data/processed_swc/LGN_048.dendrite.sorted.swc has been generated successfully.
Starting Vaa3D version checker...
[vaa3d]
[-x]
[preprocess]
[-f]
[preprocess]
[-p]
[#i /home/penglab/Documents/Morph_analysis/data/temp_dir/LGN_049.dendrite.swc #o /home/penglab/Documents/Morph_analysis/data/processed_swc/LGN_049.dendrite.sorted.swc #l 2 #s 0 #m 2000 #t 0.25 #r 0 #d 0 #f 1]
Current canonical path = [preprocess]
plugins
welcome to pre_processing
Input file name:	/home/penglab/Documents/Morph_analysis/data/temp_dir/LGN_049.dendrite.swc
Compartments will not be labeled
Only return main tree
Pruning short branches
Skip Resampling
Total components:	14

Component	0
# Nodes:	1124
Operation: Deleted!	Distance:	3.82081e+07
Subtree size:	1124

Component	1
# Nodes:	20
Operation: Deleted!	Distance:	3.80628e+07
Subtree size:	20

Component	2
# Nodes:	86
Operation: Deleted!	Distance:	3.89664e+07
Subtree size:	86

Component	3
# Nodes:	693
Operation: Deleted!	Distance:	3.68262e+07
Subtree size:	693

Component	4
# Nodes:	158
Operation: Deleted!	Distance:	3.81521e+07
Subtree size:	158

Component	5
# Nodes:	52
Operation: Deleted!	Distance:	3.80668e+07
Subtree size:	52

Component	6
# Nodes:	8
Operation: Deleted!	Distance:	3.90549e+07
Subtree size:	8

Component	7
# Nodes:	63
Operation: Deleted!	Distance:	3.59271e+07
Subtree size:	63

Component	8
# Nodes:	8
Operation: Deleted!	Distance:	3.9221e+07
Subtree size:	8

Component	9
# Nodes:	18
Operation: Deleted!	Distance:	3.82669e+07
Subtree size:	18

Component	10
# Nodes:	15
Operation: Deleted!	Distance:	3.87842e+07
Subtree size:	15

Component	11
# Nodes:	7
Operation: Deleted!	Distance:	3.95077e+07
Subtree size:	7

Component	12
# Nodes:	372
Operation: Deleted!	Distance:	3.37956e+07
Subtree size:	372

Component	13
# Nodes:	6
Operation: Deleted!	Distance:	3.78799e+07
Subtree size:	6
Nodes droped:	2630
done with saving file: /home/penglab/Documents/Morph_analysis/data/processed_swc/LGN_049.dendrite.sorted.apo
2630
Skip PCA alignment
	 /home/penglab/Documents/Morph_analysis/data/processed_swc/LGN_049.dendrite.sorted.swc has been generated successfully.
Starting Vaa3D version checker...
[vaa3d]
[-x]
[preprocess]
[-f]
[preprocess]
[-p]
[#i /home/penglab/Documents/Morph_analysis/data/temp_dir/LGN_064.dendrite.swc #o /home/penglab/Documents/Morph_analysis/data/processed_swc/LGN_064.dendrite.sorted.swc #l 2 #s 0 #m 2000 #t 0.25 #r 0 #d 0 #f 1]
Current canonical path = [preprocess]
plugins
welcome to pre_processing
Input file name:	/home/penglab/Documents/Morph_analysis/data/temp_dir/LGN_064.dendrite.swc
Compartments will not be labeled
Only return main tree
Pruning short branches
Skip Resampling
Total components:	49

Component	0
# Nodes:	7
Operation: Deleted!	Distance:	144419

Component	1
# Nodes:	68
Operation: Deleted!	Distance:	24714

Component	2
# Nodes:	64
Operation: Deleted!	Distance:	36630

Component	3
# Nodes:	34
Operation: Deleted!	Distance:	112329

Component	4
# Nodes:	75
Operation: Deleted!	Distance:	38590

Component	5
# Nodes:	379
Operation: Connected to soma.	Distance:	568.51

Component	6
# Nodes:	56
Operation: Deleted!	Distance:	61872.8

Component	7
# Nodes:	43
Operation: Deleted!	Distance:	127683

Component	8
# Nodes:	1805
Operation: Connected to soma.	Distance:	362.556

Component	9
# Nodes:	42
Operation: Deleted!	Distance:	46809

Component	10
# Nodes:	87
Operation: Deleted!	Distance:	12985

Component	11
# Nodes:	50
Operation: Deleted!	Distance:	9098.17

Component	12
# Nodes:	30
Operation: Deleted!	Distance:	14126.5

Component	13
# Nodes:	26
Operation: Deleted!	Distance:	23608.3

Component	14
# Nodes:	64
Operation: Deleted!	Distance:	12399.3

Component	15
# Nodes:	43
Operation: Deleted!	Distance:	18769

Component	16
# Nodes:	43
Operation: Deleted!	Distance:	18715

Component	17
# Nodes:	60
Operation: Deleted!	Distance:	7665.78

Component	18
# Nodes:	62
Operation: Deleted!	Distance:	21195

Component	19
# Nodes:	22
Operation: Connected to soma.	Distance:	1397.36

Component	20
# Nodes:	39
Operation: Connected to soma.	Distance:	316.052

Component	21
# Nodes:	2
Operation: Connected to soma.	Distance:	251.493

Component	22
# Nodes:	23
Operation: Deleted!	Distance:	7828.93

Component	23
# Nodes:	17
Operation: Deleted!	Distance:	9611.09

Component	24
# Nodes:	26
Operation: Deleted!	Distance:	3028.31

Component	25
# Nodes:	125
Operation: Connected to soma.	Distance:	938.888

Component	26
# Nodes:	47
Operation: Connected to soma.	Distance:	938.092

Component	27
# Nodes:	361
Operation: Connected to soma.	Distance:	33.9761

Component	28
# Nodes:	43
Operation: Deleted!	Distance:	46095.1

Component	29
# Nodes:	8
Operation: Deleted!	Distance:	40246.4

Component	30
# Nodes:	38
Operation: Deleted!	Distance:	59118

Component	31
# Nodes:	23
Operation: Deleted!	Distance:	112579

Component	32
# Nodes:	55
Operation: Deleted!	Distance:	63117

Component	33
# Nodes:	15
Operation: Deleted!	Distance:	35915

Component	34
# Nodes:	41
Operation: Deleted!	Distance:	16689.4

Component	35
# Nodes:	23
Operation: Deleted!	Distance:	38923.1

Component	36
# Nodes:	26
Operation: Deleted!	Distance:	16459

Component	37
# Nodes:	65
Operation: Deleted!	Distance:	6926.69

Component	38
# Nodes:	24
Operation: Deleted!	Distance:	36758.2

Component	39
# Nodes:	101
Operation: Connected to soma.	Distance:	1618.71

Component	40
# Nodes:	39
Operation: Connected to soma.	Distance:	412.963

Component	41
# Nodes:	133
Operation: Deleted!	Distance:	2843.01

Component	42
# Nodes:	60
Operation: Connected to soma.	Distance:	990.832

Component	43
# Nodes:	79
Operation: Deleted!	Distance:	11935

Component	44
# Nodes:	28
Operation: Deleted!	Distance:	42187

Component	45
# Nodes:	39
Operation: Deleted!	Distance:	20624.2

Component	46
# Nodes:	54
Operation: Deleted!	Distance:	28534

Component	47
# Nodes:	11
Operation: Deleted!	Distance:	38250

Component	48
# Nodes:	5
Operation: Deleted!	Distance:	27821.7
Nodes droped:	1630
done with saving file: /home/penglab/Documents/Morph_analysis/data/processed_swc/LGN_064.dendrite.sorted.apo
1630
Skip PCA alignment
	 /home/penglab/Documents/Morph_analysis/data/processed_swc/LGN_064.dendrite.sorted.swc has been generated successfully.
Starting Vaa3D version checker...
[vaa3d]
[-x]
[preprocess]
[-f]
[preprocess]
[-p]
[#i /home/penglab/Documents/Morph_analysis/data/temp_dir/LGN_065.dendrite.swc #o /home/penglab/Documents/Morph_analysis/data/processed_swc/LGN_065.dendrite.sorted.swc #l 2 #s 0 #m 2000 #t 0.25 #r 0 #d 0 #f 1]
Current canonical path = [preprocess]
plugins
welcome to pre_processing
Input file name:	/home/penglab/Documents/Morph_analysis/data/temp_dir/LGN_065.dendrite.swc
Compartments will not be labeled
Only return main tree
Pruning short branches
Skip Resampling
Total components:	30

Component	0
# Nodes:	597
Operation: Connected to soma.	Distance:	535.141

Component	1
# Nodes:	105
Operation: Deleted!	Distance:	8017.96

Component	2
# Nodes:	280
Operation: Connected to soma.	Distance:	320.235

Component	3
# Nodes:	147
Operation: Deleted!	Distance:	4440.34

Component	4
# Nodes:	173
Operation: Deleted!	Distance:	3105.54

Component	5
# Nodes:	224
Operation: Connected to soma.	Distance:	662.711

Component	6
# Nodes:	44
Operation: Deleted!	Distance:	3565.02

Component	7
# Nodes:	1080
Operation: Deleted!	Distance:	3587

Component	8
# Nodes:	508
Operation: Connected to soma.	Distance:	980

Component	9
# Nodes:	255
Operation: Deleted!	Distance:	15324.5

Component	10
# Nodes:	705
Operation: Connected to soma.	Distance:	812.359

Component	11
# Nodes:	108
Operation: Deleted!	Distance:	2255.14

Component	12
# Nodes:	69
Operation: Deleted!	Distance:	37280.7

Component	13
# Nodes:	30
Operation: Deleted!	Distance:	48322.1

Component	14
# Nodes:	36
Operation: Deleted!	Distance:	23655.9

Component	15
# Nodes:	59
Operation: Deleted!	Distance:	20418.4

Component	16
# Nodes:	73
Operation: Deleted!	Distance:	14731

Component	17
# Nodes:	18
Operation: Deleted!	Distance:	22235.6

Component	18
# Nodes:	7
Operation: Deleted!	Distance:	10879.6

Component	19
# Nodes:	25
Operation: Deleted!	Distance:	7617.45

Component	20
# Nodes:	3
Operation: Connected to soma.	Distance:	1276.26

Component	21
# Nodes:	1
Operation: Deleted!	Distance:	2228.17

Component	22
# Nodes:	9
Operation: Connected to soma.	Distance:	419.239

Component	23
# Nodes:	48
Operation: Deleted!	Distance:	38558

Component	24
# Nodes:	13
Operation: Deleted!	Distance:	30864.4

Component	25
# Nodes:	24
Operation: Deleted!	Distance:	48356

Component	26
# Nodes:	2
Operation: Deleted!	Distance:	15650.9

Component	27
# Nodes:	80
Operation: Deleted!	Distance:	39779

Component	28
# Nodes:	54
Operation: Deleted!	Distance:	34757

Component	29
# Nodes:	11
Operation: Deleted!	Distance:	107564
Nodes droped:	2462
done with saving file: /home/penglab/Documents/Morph_analysis/data/processed_swc/LGN_065.dendrite.sorted.apo
2462
Skip PCA alignment
	 /home/penglab/Documents/Morph_analysis/data/processed_swc/LGN_065.dendrite.sorted.swc has been generated successfully.
Starting Vaa3D version checker...
[vaa3d]
[-x]
[preprocess]
[-f]
[preprocess]
[-p]
[#i /home/penglab/Documents/Morph_analysis/data/temp_dir/LGN_066.dendrite.swc #o /home/penglab/Documents/Morph_analysis/data/processed_swc/LGN_066.dendrite.sorted.swc #l 2 #s 0 #m 2000 #t 0.25 #r 0 #d 0 #f 1]
Current canonical path = [preprocess]
plugins
welcome to pre_processing
Input file name:	/home/penglab/Documents/Morph_analysis/data/temp_dir/LGN_066.dendrite.swc
Compartments will not be labeled
Only return main tree
Pruning short branches
Skip Resampling
Total components:	51

Component	0
# Nodes:	190
Operation: Connected to soma.	Distance:	701

Component	1
# Nodes:	198
Operation: Connected to soma.	Distance:	1337

Component	2
# Nodes:	54
Operation: Deleted!	Distance:	62826.8

Component	3
# Nodes:	150
Operation: Deleted!	Distance:	10321.5

Component	4
# Nodes:	50
Operation: Deleted!	Distance:	11659.5

Component	5
# Nodes:	195
Operation: Deleted!	Distance:	7397.02

Component	6
# Nodes:	132
Operation: Deleted!	Distance:	15726

Component	7
# Nodes:	42
Operation: Deleted!	Distance:	70407.4

Component	8
# Nodes:	242
Operation: Deleted!	Distance:	12578

Component	9
# Nodes:	97
Operation: Deleted!	Distance:	2498.27

Component	10
# Nodes:	26
Operation: Deleted!	Distance:	5929.99

Component	11
# Nodes:	42
Operation: Deleted!	Distance:	12336.9

Component	12
# Nodes:	41
Operation: Deleted!	Distance:	10138.1

Component	13
# Nodes:	182
Operation: Connected to soma.	Distance:	461.748

Component	14
# Nodes:	119
Operation: Deleted!	Distance:	2597

Component	15
# Nodes:	123
Operation: Connected to soma.	Distance:	1022

Component	16
# Nodes:	61
Operation: Deleted!	Distance:	4279.06

Component	17
# Nodes:	32
Operation: Deleted!	Distance:	2706.33

Component	18
# Nodes:	137
Operation: Connected to soma.	Distance:	1019.9

Component	19
# Nodes:	53
Operation: Deleted!	Distance:	7996.85

Component	20
# Nodes:	48
Operation: Deleted!	Distance:	7035.8

Component	21
# Nodes:	123
Operation: Connected to soma.	Distance:	105.851

Component	22
# Nodes:	134
Operation: Connected to soma.	Distance:	886.449

Component	23
# Nodes:	237
Operation: Connected to soma.	Distance:	780.86

Component	24
# Nodes:	31
Operation: Connected to soma.	Distance:	630.487

Component	25
# Nodes:	98
Operation: Deleted!	Distance:	3208.85

Component	26
# Nodes:	42
Operation: Deleted!	Distance:	3830

Component	27
# Nodes:	24
Operation: Connected to soma.	Distance:	1476.57

Component	28
# Nodes:	99
Operation: Deleted!	Distance:	5290.95

Component	29
# Nodes:	14
Operation: Deleted!	Distance:	2498.13

Component	30
# Nodes:	77
Operation: Deleted!	Distance:	22848.7

Component	31
# Nodes:	141
Operation: Deleted!	Distance:	6965.82

Component	32
# Nodes:	45
Operation: Deleted!	Distance:	10848.9

Component	33
# Nodes:	39
Operation: Deleted!	Distance:	18436.3

Component	34
# Nodes:	39
Operation: Deleted!	Distance:	20719.8

Component	35
# Nodes:	10
Operation: Deleted!	Distance:	16661.5

Component	36
# Nodes:	34
Operation: Deleted!	Distance:	13682.2

Component	37
# Nodes:	37
Operation: Deleted!	Distance:	21789

Component	38
# Nodes:	39
Operation: Deleted!	Distance:	26130.5

Component	39
# Nodes:	70
Operation: Deleted!	Distance:	20658.3

Component	40
# Nodes:	17
Operation: Deleted!	Distance:	31208

Component	41
# Nodes:	8
Operation: Deleted!	Distance:	57742.3

Component	42
# Nodes:	26
Operation: Deleted!	Distance:	42496.9

Component	43
# Nodes:	12
Operation: Deleted!	Distance:	77640

Component	44
# Nodes:	213
Operation: Deleted!	Distance:	3272

Component	45
# Nodes:	37
Operation: Deleted!	Distance:	12438.9

Component	46
# Nodes:	33
Operation: Deleted!	Distance:	5070

Component	47
# Nodes:	82
Operation: Connected to soma.	Distance:	1834

Component	48
# Nodes:	57
Operation: Connected to soma.	Distance:	1009

Component	49
# Nodes:	12
Operation: Deleted!	Distance:	6493.11

Component	50
# Nodes:	12
Operation: Deleted!	Distance:	2761.61
Nodes droped:	2538
done with saving file: /home/penglab/Documents/Morph_analysis/data/processed_swc/LGN_066.dendrite.sorted.apo
2538
Skip PCA alignment
	 /home/penglab/Documents/Morph_analysis/data/processed_swc/LGN_066.dendrite.sorted.swc has been generated successfully.
Starting Vaa3D version checker...
[vaa3d]
[-x]
[preprocess]
[-f]
[preprocess]
[-p]
[#i /home/penglab/Documents/Morph_analysis/data/temp_dir/LGN_117.dendrite.swc #o /home/penglab/Documents/Morph_analysis/data/processed_swc/LGN_117.dendrite.sorted.swc #l 2 #s 0 #m 2000 #t 0.25 #r 0 #d 0 #f 1]
Current canonical path = [preprocess]
plugins
welcome to pre_processing
Input file name:	/home/penglab/Documents/Morph_analysis/data/temp_dir/LGN_117.dendrite.swc
Compartments will not be labeled
Only return main tree
Pruning short branches
Skip Resampling
Total components:	3

Component	0
# Nodes:	8298
Operation: Connected to soma.	Distance:	54.6776

Component	1
# Nodes:	232
Operation: Deleted!	Distance:	78701

Component	2
# Nodes:	532
Operation: Connected to soma.	Distance:	396
Nodes droped:	232
done with saving file: /home/penglab/Documents/Morph_analysis/data/processed_swc/LGN_117.dendrite.sorted.apo
232
Skip PCA alignment
	 /home/penglab/Documents/Morph_analysis/data/processed_swc/LGN_117.dendrite.sorted.swc has been generated successfully.
Starting Vaa3D version checker...
[vaa3d]
[-x]
[preprocess]
[-f]
[preprocess]
[-p]
[#i /home/penglab/Documents/Morph_analysis/data/temp_dir/LGN_118.dendrite.swc #o /home/penglab/Documents/Morph_analysis/data/processed_swc/LGN_118.dendrite.sorted.swc #l 2 #s 0 #m 2000 #t 0.25 #r 0 #d 0 #f 1]
Current canonical path = [preprocess]
plugins
welcome to pre_processing
Input file name:	/home/penglab/Documents/Morph_analysis/data/temp_dir/LGN_118.dendrite.swc
Compartments will not be labeled
Only return main tree
Pruning short branches
Skip Resampling
Total components:	33

Component	0
# Nodes:	384
Operation: Deleted!	Distance:	13448.4

Component	1
# Nodes:	582
Operation: Connected to soma.	Distance:	502.214

Component	2
# Nodes:	688
Operation: Connected to soma.	Distance:	1082

Component	3
# Nodes:	249
Operation: Connected to soma.	Distance:	797

Component	4
# Nodes:	44
Operation: Deleted!	Distance:	47071.6

Component	5
# Nodes:	57
Operation: Deleted!	Distance:	17510

Component	6
# Nodes:	349
Operation: Connected to soma.	Distance:	523

Component	7
# Nodes:	15
Operation: Deleted!	Distance:	32038.5

Component	8
# Nodes:	478
Operation: Connected to soma.	Distance:	413

Component	9
# Nodes:	157
Operation: Deleted!	Distance:	5473

Component	10
# Nodes:	15
Operation: Deleted!	Distance:	18069.4

Component	11
# Nodes:	15
Operation: Deleted!	Distance:	6465.76

Component	12
# Nodes:	15
Operation: Deleted!	Distance:	6388.97

Component	13
# Nodes:	4
Operation: Deleted!	Distance:	10804

Component	14
# Nodes:	10
Operation: Deleted!	Distance:	8229.25

Component	15
# Nodes:	183
Operation: Deleted!	Distance:	12078

Component	16
# Nodes:	50
Operation: Deleted!	Distance:	7214

Component	17
# Nodes:	86
Operation: Connected to soma.	Distance:	1616.28

Component	18
# Nodes:	221
Operation: Deleted!	Distance:	2293.06

Component	19
# Nodes:	314
Operation: Connected to soma.	Distance:	1075

Component	20
# Nodes:	40
Operation: Deleted!	Distance:	2816.4

Component	21
# Nodes:	76
Operation: Deleted!	Distance:	2786.65

Component	22
# Nodes:	28
Operation: Deleted!	Distance:	3393.57

Component	23
# Nodes:	198
Operation: Deleted!	Distance:	3179.81

Component	24
# Nodes:	61
Operation: Deleted!	Distance:	3144.21

Component	25
# Nodes:	29
Operation: Deleted!	Distance:	39007

Component	26
# Nodes:	6
Operation: Deleted!	Distance:	25936.3

Component	27
# Nodes:	76
Operation: Deleted!	Distance:	19686.8

Component	28
# Nodes:	28
Operation: Deleted!	Distance:	27865.8

Component	29
# Nodes:	17
Operation: Deleted!	Distance:	18063.3

Component	30
# Nodes:	189
Operation: Deleted!	Distance:	6347

Component	31
# Nodes:	103
Operation: Deleted!	Distance:	8730

Component	32
# Nodes:	18
Operation: Deleted!	Distance:	16591.1
Nodes droped:	2039
done with saving file: /home/penglab/Documents/Morph_analysis/data/processed_swc/LGN_118.dendrite.sorted.apo
2039
Skip PCA alignment
	 /home/penglab/Documents/Morph_analysis/data/processed_swc/LGN_118.dendrite.sorted.swc has been generated successfully.
Starting Vaa3D version checker...
[vaa3d]
[-x]
[preprocess]
[-f]
[preprocess]
[-p]
[#i /home/penglab/Documents/Morph_analysis/data/temp_dir/LGN_119.dendrite.swc #o /home/penglab/Documents/Morph_analysis/data/processed_swc/LGN_119.dendrite.sorted.swc #l 2 #s 0 #m 2000 #t 0.25 #r 0 #d 0 #f 1]
Current canonical path = [preprocess]
plugins
welcome to pre_processing
Input file name:	/home/penglab/Documents/Morph_analysis/data/temp_dir/LGN_119.dendrite.swc
Compartments will not be labeled
Only return main tree
Pruning short branches
Skip Resampling
Total components:	20

Component	0
# Nodes:	434
Operation: Connected to soma.	Distance:	308

Component	1
# Nodes:	19
Operation: Deleted!	Distance:	7937.05

Component	2
# Nodes:	1179
Operation: Connected to soma.	Distance:	855.969

Component	3
# Nodes:	700
Operation: Connected to soma.	Distance:	98.346

Component	4
# Nodes:	41
Operation: Deleted!	Distance:	19534

Component	5
# Nodes:	172
Operation: Connected to soma.	Distance:	1222.99

Component	6
# Nodes:	208
Operation: Connected to soma.	Distance:	166.502

Component	7
# Nodes:	78
Operation: Connected to soma.	Distance:	788.985

Component	8
# Nodes:	53
Operation: Deleted!	Distance:	10953.4

Component	9
# Nodes:	42
Operation: Connected to soma.	Distance:	1022.37

Component	10
# Nodes:	10
Operation: Deleted!	Distance:	21614.9

Component	11
# Nodes:	553
Operation: Connected to soma.	Distance:	1027.42

Component	12
# Nodes:	38
Operation: Deleted!	Distance:	24574.5

Component	13
# Nodes:	129
Operation: Deleted!	Distance:	12716.6

Component	14
# Nodes:	29
Operation: Deleted!	Distance:	2931.88

Component	15
# Nodes:	28
Operation: Deleted!	Distance:	3656

Component	16
# Nodes:	12
Operation: Connected to soma.	Distance:	1411.91

Component	17
# Nodes:	2
Operation: Deleted!	Distance:	2389.96

Component	18
# Nodes:	7
Operation: Deleted!	Distance:	7617.55

Component	19
# Nodes:	18
Operation: Deleted!	Distance:	9853.89
Nodes droped:	374
done with saving file: /home/penglab/Documents/Morph_analysis/data/processed_swc/LGN_119.dendrite.sorted.apo
374
Skip PCA alignment
	 /home/penglab/Documents/Morph_analysis/data/processed_swc/LGN_119.dendrite.sorted.swc has been generated successfully.
Starting Vaa3D version checker...
[vaa3d]
[-x]
[preprocess]
[-f]
[preprocess]
[-p]
[#i /home/penglab/Documents/Morph_analysis/data/temp_dir/LGN_120.dendrite.swc #o /home/penglab/Documents/Morph_analysis/data/processed_swc/LGN_120.dendrite.sorted.swc #l 2 #s 0 #m 2000 #t 0.25 #r 0 #d 0 #f 1]
Current canonical path = [preprocess]
plugins
welcome to pre_processing
Input file name:	/home/penglab/Documents/Morph_analysis/data/temp_dir/LGN_120.dendrite.swc
Compartments will not be labeled
Only return main tree
Pruning short branches
Skip Resampling
Total components:	32

Component	0
# Nodes:	45
Operation: Deleted!	Distance:	71156

Component	1
# Nodes:	67
Operation: Deleted!	Distance:	26053

Component	2
# Nodes:	69
Operation: Deleted!	Distance:	29183.6

Component	3
# Nodes:	197
Operation: Connected to soma.	Distance:	356

Component	4
# Nodes:	347
Operation: Connected to soma.	Distance:	827.546

Component	5
# Nodes:	69
Operation: Deleted!	Distance:	26239.6

Component	6
# Nodes:	40
Operation: Deleted!	Distance:	18180.5

Component	7
# Nodes:	590
Operation: Connected to soma.	Distance:	1589.16

Component	8
# Nodes:	190
Operation: Connected to soma.	Distance:	1759.3

Component	9
# Nodes:	85
Operation: Deleted!	Distance:	3692

Component	10
# Nodes:	54
Operation: Deleted!	Distance:	3101

Component	11
# Nodes:	23
Operation: Connected to soma.	Distance:	457.184

Component	12
# Nodes:	125
Operation: Connected to soma.	Distance:	1523.6

Component	13
# Nodes:	26
Operation: Deleted!	Distance:	2674.12

Component	14
# Nodes:	62
Operation: Connected to soma.	Distance:	1469

Component	15
# Nodes:	68
Operation: Connected to soma.	Distance:	416

Component	16
# Nodes:	63
Operation: Connected to soma.	Distance:	1583.06

Component	17
# Nodes:	26
Operation: Deleted!	Distance:	6502.92

Component	18
# Nodes:	255
Operation: Connected to soma.	Distance:	802.171

Component	19
# Nodes:	42
Operation: Deleted!	Distance:	29696.8

Component	20
# Nodes:	28
Operation: Deleted!	Distance:	29156

Component	21
# Nodes:	22
Operation: Deleted!	Distance:	10824

Component	22
# Nodes:	45
Operation: Deleted!	Distance:	20964.8

Component	23
# Nodes:	27
Operation: Deleted!	Distance:	5540.4

Component	24
# Nodes:	11
Operation: Deleted!	Distance:	17943.9

Component	25
# Nodes:	17
Operation: Deleted!	Distance:	17395.5

Component	26
# Nodes:	12
Operation: Deleted!	Distance:	14853.6

Component	27
# Nodes:	69
Operation: Deleted!	Distance:	7748.86

Component	28
# Nodes:	20
Operation: Connected to soma.	Distance:	1438.53

Component	29
# Nodes:	37
Operation: Deleted!	Distance:	2893.05

Component	30
# Nodes:	402
Operation: Connected to soma.	Distance:	7.22216

Component	31
# Nodes:	21
Operation: Deleted!	Distance:	15026.5
Nodes droped:	812
done with saving file: /home/penglab/Documents/Morph_analysis/data/processed_swc/LGN_120.dendrite.sorted.apo
812
Skip PCA alignment
	 /home/penglab/Documents/Morph_analysis/data/processed_swc/LGN_120.dendrite.sorted.swc has been generated successfully.
Starting Vaa3D version checker...
[vaa3d]
[-x]
[preprocess]
[-f]
[preprocess]
[-p]
[#i /home/penglab/Documents/Morph_analysis/data/temp_dir/LGN_121.dendrite.swc #o /home/penglab/Documents/Morph_analysis/data/processed_swc/LGN_121.dendrite.sorted.swc #l 2 #s 0 #m 2000 #t 0.25 #r 0 #d 0 #f 1]
Current canonical path = [preprocess]
plugins
welcome to pre_processing
Input file name:	/home/penglab/Documents/Morph_analysis/data/temp_dir/LGN_121.dendrite.swc
Compartments will not be labeled
Only return main tree
Pruning short branches
Skip Resampling
Total components:	30

Component	0
# Nodes:	48
Operation: Deleted!	Distance:	44905.3

Component	1
# Nodes:	266
Operation: Connected to soma.	Distance:	788.03

Component	2
# Nodes:	31
Operation: Deleted!	Distance:	32314

Component	3
# Nodes:	633
Operation: Connected to soma.	Distance:	1606.99

Component	4
# Nodes:	232
Operation: Connected to soma.	Distance:	84.7787

Component	5
# Nodes:	68
Operation: Deleted!	Distance:	17911.7

Component	6
# Nodes:	66
Operation: Deleted!	Distance:	5787

Component	7
# Nodes:	47
Operation: Deleted!	Distance:	2162

Component	8
# Nodes:	79
Operation: Deleted!	Distance:	3617

Component	9
# Nodes:	64
Operation: Deleted!	Distance:	7309.86

Component	10
# Nodes:	21
Operation: Deleted!	Distance:	4622.06

Component	11
# Nodes:	46
Operation: Deleted!	Distance:	22496

Component	12
# Nodes:	115
Operation: Connected to soma.	Distance:	866.288

Component	13
# Nodes:	13
Operation: Deleted!	Distance:	64904

Component	14
# Nodes:	25
Operation: Deleted!	Distance:	2274.37

Component	15
# Nodes:	39
Operation: Deleted!	Distance:	4185.92

Component	16
# Nodes:	70
Operation: Connected to soma.	Distance:	1964

Component	17
# Nodes:	99
Operation: Connected to soma.	Distance:	430.2

Component	18
# Nodes:	88
Operation: Connected to soma.	Distance:	388

Component	19
# Nodes:	52
Operation: Deleted!	Distance:	6425.01

Component	20
# Nodes:	40
Operation: Connected to soma.	Distance:	464

Component	21
# Nodes:	51
Operation: Deleted!	Distance:	2104.88

Component	22
# Nodes:	32
Operation: Connected to soma.	Distance:	1017.09

Component	23
# Nodes:	37
Operation: Deleted!	Distance:	2912.04

Component	24
# Nodes:	79
Operation: Connected to soma.	Distance:	680

Component	25
# Nodes:	17
Operation: Connected to soma.	Distance:	1597.66

Component	26
# Nodes:	15
Operation: Deleted!	Distance:	46180

Component	27
# Nodes:	19
Operation: Deleted!	Distance:	42020.1

Component	28
# Nodes:	17
Operation: Deleted!	Distance:	61536

Component	29
# Nodes:	4
Operation: Deleted!	Distance:	66664
Nodes droped:	742
done with saving file: /home/penglab/Documents/Morph_analysis/data/processed_swc/LGN_121.dendrite.sorted.apo
742
Skip PCA alignment
	 /home/penglab/Documents/Morph_analysis/data/processed_swc/LGN_121.dendrite.sorted.swc has been generated successfully.
Starting Vaa3D version checker...
